[   .0000] Lux verion 4.15.072geeric(build@lcy1-am4-02 (gccersin 4.0 bunt77.40-1uuntu118.0.1))#81-bunt SMPTue ov 26 2:2002 UC 019 Ubunu 4.5.72.8geneic4.158)
   00000] ommand ine:BOOTIMAG=/bot/vminuz-4.1.02-generc rot=UU=99785bab5f-43-bf909b60460919f0 ro console=tty1 console=ttS0
   0.00000 KEREL upord cps:
[    0.00000]   ntelGeninIntel
   0.0000] AMD AthentcAD
[   .0000]   Cnta Centuraul
[    .00000] x6/pu: Suporting XAVEfeture 0x00 'x8 flotig point registrs'
[   0.0000x86/f: Suporting XSVE eaure 002:SSE egistes'
[   .00000 x86fp SuprtinXSAV feare 004: AVX regisers'[   0.000000] x8/fpu xstat_offst[]: 576, xtate_zes[2:  256
[    0.0000]x86/fu: Eable xstte feaures 0, cotextsie  832 byte, using 'stndar' ormt.
[    0.000000] e80: BIOS-provied physial RAM map
[   .00000] BIS-82: [me 00000000000000-000000000009ff] uble[    0.00000] IOS-e80: [mem 0x000000000009fc00-0x000000009ffff]eserved
[  .000000 BIOS-e20: [me 0x00000000f000-0x000000000ffff reserved
[    0.000000] BIOS-e820: mem 0x000000001000-0x000003feffff] sable
   0.00000]IOS-20: [mem 0x000000fff00-0x00000003ffffff]ACPIdata
    0.0000 BIO-e20 [me 0000000fec0000-0000000fc00ff] rservd
[   0.00000]BIOS-e20:[mem0x000000e000-0x000000ee00ff] reserved
   0.0000] BIOS-e80: [me 0x0000000ffc000-00000000fffff] resrved
[   0.00000] NX (Execute Disable) protetion: active
    0000000] SMBIOS 2.5 pesent.
[   0.00000] DM innotk GmH VirtuaBox/VrtalBo, BIO Vrtualox 1/0/20
[  0.00000 Hyervis detete: KV
[    0.00000] 820: as_pfn= 0fff0ax_ar_pfn = x4000000
[   0.00000 MTRR: Disabled
[   .00000]86/PA: TRRs isabed, kipig AT initialzation oo.
[   0.000000]PU MTRRs allblan -virtualizd sysem.
[   0.0000] 86PAT: onfiurtio[0-7]: W  WT  - UC  WB WT  UC-UC  
[    .00000 foud SMPMPtablat [mm 0x000fff0-0x0009fff
[    00000] Sannig 1 aea for low memory corrupion
   0.00000 RAMDIS: mem0x359670-0x36aaff]
[   0.00000]ACPI: Erly tae chcksum vrificationdisabled
[   0.00000] ACPI: RSDP 0x000000000E000 000024 (v02 VBOX )
[    0.00000] ACPI: XST 0x000000003FFF0030 00003C (v01 VBOX   VBOXXSDT 00000001 ASL  00000061)
[    0.000000] ACPI: FACP 0x000000003FFF00F0 0000F4 (v04 VBOX   VBOXFACP 00000001 ASL  00000061)
[    0.000000] ACPI: DSDT 0x000000003FFF0470 0021FF (v02 VBOX   VBOXBIOS 00000002 INTL 20100528)
[    0.000000] ACPI: FACS 0x000000003FFF0200 000040
[    0000000] ACPI: FACS 0x000000003FFF0200 000040
[    0.000000] ACPI: APIC 0x00000000FFF02400005C (v02 VBOX   VBOXAPIC 00000001 AS  00006)
[    0.000000] ACPI: SSDT 0x0000003FFF02A0 001C (v1 VB   VOXCPUT 000002 INTL 210528)
    0.0000] o NU conigrationfound
[   00000] Faing  nod at [m 0x00000000000-00000003fffff]
[    0.000000] NODE_DAT(0) alocated [mem x3ffc50000x3fefff]
    0.00000] kv-clock cpu 0, sr 03ff441, prmarypu clck
[   .000000] kvm-cock: Usig mss 4b54d1 an 4b564d00
[   0.000000] kvm-lok: uing chedffse o 54824227 ycle
[  0.0000] clcksource: kvm-clock: mask: 0xffffffffffffffff max_cycles: 0x1cd42e4dffb,max_idle_s: 8815959483ns
[    0.000000] Zone anges:
[    0.00000] DMA    [mem 0000000000100-0x00000000fffff
[   .00000]  DM32   [mem 0x00000100000-x00000003fefff]
[  0.0000  Norm    epty
[    0.000000]   Devie   mpty
[   0.00000]Moabe zone star for eachnode
[   0.0000] arl mmory ode rage
[    00000]  ode 0: [m 0x0000000001000-x00000000009eff]
[   0.0000]   od   0 [me0x0000000000000-00000003fefff
[   0.0000]esered butunavaiabe: 98 pages
[    0.000000 Iitme stup node 0 [mem x0000000001000-x0000000ffefff][    00000] AI: PM-Timr IOPot: 0x008[   0.00000] APIC0]: aic_d , version 3, adress0xfec000, GS 0-2
[  0.0000] CPI: IT_SR_OVRbus  busir0 glal_iq dfl l)
    0.000000] ACPI: NT_SC_VR (s 0 bus_irq  glob_irq  low lvel)
[    00000] Usg ACPI MAT) for SMP configuration information
[    0.000000] smpboot: Allowing 2 CPUs, 0 hotplug CPUs
[    0.000000] PM: Registered nosave memory: [mem 0x00000000-0x00000fff]
[    0.000000] PM: Registered nosave memory: [mem 0000f000-0x0009ffff]
[    0000000] M: Ristered noave emory:[mem 0x000a000-x00eff]
[    .000000] PM: Registerd save memory: [em0x000f0000-0x000fffff]

[   0.0000] e20: [em0x4000000-0ebffff ailabe or I device
[   0.00000Bootng paravirtualized kenel oKVM
[   .000000] clocksourc refed-jffies:mask 0xfffff mx_yces: 0xfffffff,max_le_ns: 7455196021168 ns
[  0.00000] ndomget_radomytesalle fom srt_krnel+099/04fd ith crng_nit=
[   0.0000 setp_pecp: R_CPUS:892 nrcpmask_bts: nr_cpuds:2r_no_ids:
   0.00000] pepu: bedded 45 pages/cpu 47456r892 d8672104876
[   0.000000PV qpilo has tble ntries 256 (orer:  4096 bes)
[    0.00000] Bui 1 zoelsts mobilty groupng on. Total pages: 257913[    0.000000] Policy zone: DMA32
[    0.00000] Kernel cmmndline: BOOT_IMAGE=/bootvmlinuz-4.15.0-72-generic root=UUID=997085ba-b58f-436e-bf90-9b60460919f0 ro consoletty1 console=ttyS0
[    0.000000] Memory: 98286K/104820K vailable 12300Kkernel code 2481Krwdaa, 44K rata, 228K iit, 88K ss 652K reserved, 0K cma-reserved)
[    0.000000] SLUB: HWalig=64 Orde0-3, MnObjcts= CPUs2,Nodes=1
[  0.000000] ftrace: allating 39318 enries  154 pges
[   0.0400] Hirachical RU imleentaion
[    00400] CU rtricng CUs from NR_CPU=8192  nr_pu_ds2.
[    0.00400]	Tsks R enaed.[   0.00000] RC: Adusting eometry forrcu_fanout_eaf16 nr_pu_i=2
[    0.004000] R_IRQS: 2454, n_irq 440, prllocte irqs: 16
[    000400] Csole: colour VGA+ 80x25
[    0.004000] console [tty1] enabled
[    0.004000] console [ttyS0] enabled
[    0.004000] ACPI: Core revision 20170831
[    0.004000] ACPI: 2 ACPI AML tables successfully acquired and loaded
[   0.004000] APIC: Switch to symmetric I/O mode setup
[    0.004445] x2apic enabled
[    0.008019] Switched APIC routing to physical x2apic.
[    0.013585] ..TIMER: vector=0x30 apic1=0 pin1=2 apic2=-1 pin2=-1
[    0.020009] tsc: Detected 2096.060 MHz processor
[    0.021820] tsc: Marking TSC unstable due to TSCs unsynchronized
[    0.024018] Calibrating delay loop (skipped) preset value.. 4192.12 BogoMIPS (lpj=8384240)
[    0.028021] pid_max: default: 32768 minimum: 301
[    0.030451] Security Framework initialized
[    0.032021] Yama: becoming mindful.
[    0.036166] AppArmor: AppArmor initialized
[    0.042236] Dentry cache hash table entries: 131072 (order: 8, 1048576 bytes)
[    0.044207] Inode-cache hash table entries: 65536 (order: 7, 524288 bytes)
[    0.048132] Mount-cache hash table entries: 2048 (order: 2, 16384 bytes)
[    0.050493] Mountpoint-cache hash table entries: 2048 (order: 2, 16384 bytes)
[    0.052770] Last level iTLB entries: 4KB 1024, 2MB 1024, 4MB 512
[    0.056019] Last level dTLB entries: 4KB 1536, 2MB 1536, 4MB 768, 1GB 0
[    0.060019] Spectre V1 : Mitigation: usercopy/swapgs barriers and __user pointer sanitization
[    0.064017] Spectre V2 : Spectre mitigation: LFENCE not serializing, switching to generic retpoline
[    0.068016] Spectre V2 : Mitigation: Full generic retpoline
[    0.072017] Spectre V2 : Spectre v2 / SpectreRSB mitigation: Filling RSB on context switch
[    0.076019] Speculative Store Bypass: Mitigation: Speculative Store Bypass disabled via prctl and seccomp
[    0.080503] Freeing SMP alternatives memory: 36K
[    0.212748] APIC calibration not consistent with PM-Timer: 112ms instead of 100ms
[    0.216000] APIC delta adjusted to PM-Timer: 6398476 (7221555)
[    .216222] smpboot: CPU0: AMD Ryzen 3 3300U with Radeon Vega Mobile Gfx (family: 0x17, model: 0x18, stepping: 0x1)
[    0.220307] Performance Events: PMU not available due to virtualization, using software events only.
[    0.224204] Hierarchical SRCU implementation.
[    0.232435] NMI watchdog: Perf event create on CPU 0 failed with -2
[    0.236018] NMI watchdog: Perf NMI watchdog permanently disabled
[    0.240233] smp: Bringing up secondary CPUs ...
[    0.244357] x86: Booting SMP configuration:
[    0.248020] .... node  #0, CPUs:      #1
[    0.004000] kvm-clock: cpu 1, msr 0:3ff44041, secondary cpu clock
[    0.292077] smp: Brought up 1 node, 2 CPUs
[    0.296033] smpboot: Max logical packages: 1
[    0.300027] smpboot: Total of 2 processors activated (8384.24 BogoMIPS)
[    0.304324] devtmpfs: initialized
[    0.368187] x86/mm: Memory block size: 128MB
[    0.496420] evm: security.selinux
[    0.560044] evm: security.SMACK64
[    0.640033] evm: security.SMACK64EXEC
[    0.692018] evm: security.SMACK64TRANSMUTE
[    0.736022] evm: security.SMACK64MMAP
[    0.792027] evm: security.apparmor
[    0.836021] evm: security.ima
[    0.892021] evm: security.capability
[    0.964078] clocksource: jiffies: mask: 0xffffffff max_cycles: 0xffffffff, max_idle_ns: 7645041785100000 ns
[    0.968048] futex hash table entries: 512 (order: 3, 32768 bytes)
[    0.972290] pinctrl core: initialized pinctrl subsystem
[    0.976337] RTC time:  4:48:46, date: 12/21/19
[    0.981692] NET: Registered protocol family 16
[    0.984233] audit: initializing netlink subsys (disabled)
[    0.988125] audit: type=2000 audit(1576903692.996:1): state=initialized audit_enabled=0 res=1
[    1.036008] cpuidle: using governor ladder
[    1.088092] cpuidle: using governor menu
[    1.092326] ACPI: bus type PCI registered
[    1.096026] acpiphp: ACPI Hot Plug PCI Controller Driver version: 0.5
[    1.100699] PCI: Using configuration type 1 for base access
[    1.104021] PCI: Using configuration type 1 for extended access
[    1.113410] HugeTLB registered 2.00 MiB page size, pre-allocated 0 pages
[    1.116186] ACPI: Added _OSI(Module Device)
[    1.120041] ACPI: Added _OSI(Processor Device)
[    1.124024] ACPI: Added _OSI(3.0 _SCP Extensions)
[    1.128018] ACPI: Added _OSI(Processor Aggregator Device)
[    1.132039] ACPI: Added _OSI(Linux-Dell-Video)
[    1.136037] ACPI: Added _OSI(Linux-Lenovo-NV-HDMI-Audio)
[    1.140053] ACPI: Added _OSI(Linux-HPI-Hybrid-Graphics)
[    1.144613] ACPI: Executed 1 blocks of module-level executable AML code
[    1.157768] ACPI: Interpreter enabled
[    1.160070] ACPI: (supports S0 S5)
[    1.164020] ACPI: Using IOAPIC for interrupt routing
[    1.168502] PCI: Using host bridge windows from ACPI; if necessary, use "pci=nocrs" and report a bug
[    1.175029] ACPI: Enabled 2 GPEs in block 00 to 07
[    1.184000] ACPI: PCI Root Bridge [PCI0] (domain 0000 [bus 00-ff])
[    1.184044] acpi PNP0A03:00: _OSC: OS supports [ExtendedConfig ASPM ClockPM Segments MSI]
[    1.188130] acpi PNP0A03:00: _OSC: OS ow ontrols [PCIeHotplug PME AER PCIeCapability]
[    1.192664] PCI host bridge to bus 0000:00
[    1.193951] pci_bus 0000:00 root bus resource [io  0x0000-0x0cf7 window]
[    1.196026] pci_bus 0000:00: root bus resource [io  0x0d00-0xffff window]
[    1.197781] pci_bus 0000:00: root bus resource [mem 0x000a0000-0x000bffff window]
[    1.200027] pci_bus 0000:00: root bus resource [mem 0x40000000-0xfdfffff window]
[    1.204029] pci_bus 0000:00: root bus resource [bus 00-ff]
[    1.212669] pci 0000:00:01.1: legacy IDE quirk: reg 0x10: [io  0x01f0-0x01f7]
[    1.216000] pci 0000:00:01.1: legacy IDE quirk: reg 0x14: [io  0x03f6]
[    1.216037] pci 0000:00:0.1: leacy IDE quirk: reg 0x18: [io  0x0170-0x077]
[    1.220024] pci 0000:00:01.1: legacy IDE quirk: reg 0x1c: [io  0x0376]
[    1.280760] pci 0000:00:07.0: quirk: [io  0x4000-0x403f] claimed by PIIX4 ACPI
[    1.284039] pci 0000:00:07.0: quirk: [io  0x4100-0x410f] claimed by PIIX4 SMB
[    1.334008] ACPI: PCI Interrupt Link [LNKA] (IRQs 5 9 10 *11)
[    1.340110] ACPI: PCI Interrupt Link [LNKB] (IRQs 5 9 *10 11)
[    1.344253] ACPI: PCI Interrupt Link [LNKC] (IRQs 5 *9 10 11)
[    1.348264] ACPI: PCI Interrupt Link [LNKD] (IRQs 5 9 10 *11)
[    1.356565] SCSI subsystem initialized
[    1.357866] pci 0000:00:02.0: vgaarb: setting as boot VGA device
[    1.357866] pci 0000:00:02.0: vgaarb: VGA device added: decodes=io+mem,owns=io+mem,locks=none
[    1.359868] pci 0000:00:02.0: vgaarb: bridge control possible
[    1.360000] vgaarb: loaded
[    1.360000] ACPI: bus type USB registered
[    1.360000] usbcore: registered new interface driver usbfs
[    1.360000] usbcore: registered new interface driver hub
[    1.360075] usbcore: registered new device driver usb
[    1.364049] EDAC MC: Ver: 3.0.0
[    1.368159] PCI: Using ACPI for IRQ routing
[    1.376282] NetLabel: Initializing
[    1.380015] NetLabel:  domain hash size = 128
[    1.384017] NetLabel:  protocols = UNLABELED CIPSOv4 CALIPSO
[    1.388077] NetLabel:  unlabeled traffic allowed by default
[    1.396014] clocksource: Switched to clocksource kvm-clock
[  1.609331] VS: Dskuos uo6..0
[    20128] VS:qu-che hash tabe trs:12(order 0, 409 bytes)
[  2788]ppmo ApArmor Filesyemnaed
[  2814]npPnP ACPI it
[    2.481764] p:nPCP fund  deves

[  3425]losource:ac_p mk:xfff max_cycs:xffffff, max_idles: 2085701024 ns
[    3.544655] NET: Registred prtocol family 2
[    4.314149] TCP established hash table entries: 8192 (order: 4, 6553bytes)
[  4.318095] TCP bind hash table ntries: 8192 (order: 5, 131072 bytes)
[    4.503293] TCP: Hash tables configured (establhe8192 bind 8192)
[    4.658328] UDP hash table entries: 512 (order: 2, 16384 bytes)
[    4.660290] UDP-Lite hash table entries: 512 (order: 2, 16384 bytes)
    4.662172] NET: Registered protocol famil 1
[  4622] pci 0000:00:00.0: Limiting direct PCI/PCI transfers
[    4.662172] pci 0000:00:01.0: Activating ISA DMA hang workarounds
[    4.662172] ci 0000:00:02.0: Video device with shadowed ROM at [mem 0x000c0000-0x000dffff]
[  4.987942] Unpackig itmfs...

[    5.613151] Freeing initrd memory: 19728K
[    5.714998] clocksource: tsc: mask: 0xffffffffffffffff max_cycles: 0x1e36a685b69, max_idle_ns: 440795255641 ns
[    5.910298] platform rtc_cmos: registered platform RTC device (no PNP device found)
[    6.146444] Scanning for low memory corruption every 60 seconds
[    6.216869] Initialise system trusted keyrings
[    6.284130] Key type blacklist registered
[    6.305222] workingset: timestamp_bits=36 max_order=18 bucket_order=0
[    6.394585] zbud: loaded
[    6.397051] squashfs: version 4.0 (2009/01/31) Phillip Lougher
[    6.4823] fuse nit (API versin 26)

[    6.583352] Key type asymmetric registered
[    6.627660] Asymmetric key parser 'x509' registered
[    6.644087] Block layer SCSI generic (bsg) driver version 0.4 loaded (major 246)
[    6.695243] io scheduler noop registered
[    6.741590] io scheduler deadline registered
[    6.759527] io scheduler cfq registered (default)
[    6.780587] ACPI: AC Adapter [AC] (off-line)
[    6.840782] input: Power Button as /devices/LNXSYSTM:00/LNXPWRBN:00/input/input0
[    6.860638] ACPI: Power Button [PWRF]
[    6.868403] input: Sleep Button as /devices/LNXSYSTM:00/LNXSLPBN:00/input/input1
[    6.870417] ACPI: Sleep Button [SLPF]
[    6.880413] ACPI: Battery Slot [BAT0] (battery present)
[    6.934154] Serial: 8250/16550 driver, 32 ports, IRQ sharing enabled
[    7.032296] 00:02: ttyS0 at I/O 0x3f8 (irq = 4, base_baud = 115200) is a 16550A
[    7.084538] Linux agpgart interface v0.103
[    7.136878] loop: module loaded
[    7.182475] scsi host0: ata_piix
[    7.186787] scsi host1: ata_piix
[    7.212123] ata1: PATA max UDMA/33 cmd 0x1f0 ctl 0x3f6 bmdma 0xd000 irq 14
[    7.246205] ata2: PATA max UDMA/33 cmd 0x170 ctl 0x376 bmdma 0xd008 irq 15
[    7.251416] libphy: Fixed MDIO Bus: probed
[    7.252823] tun: Universal TUN/TAP device driver, 1.6
[    7.277912] PPP generic driver version 2.4.2
[    7.349074] ehci_hcd: USB 2.0 'Enhanced' Host Controller (EHCI) Driver
[    7.457330] ehci-pci: EHCI PCI platform driver
[    7.495860] ehci-platform: EHCI generic platform driver
[    7.512416] ohci_hcd: USB 1.1 'Open' Host Controller (OHCI) Driver
[    7.553400] ohci-pci: OHCI PCI platform driver
[    7.564960] ohci-platform: OHCI generic platform driver
[    7.572091] uhci_hcd: USB Universal Host Controller Interface driver
[    7.686095] i8042: PNP: PS/2 Controller [PNP0303:PS2K,PNP0f03:PS2M] at 0x60,0x64 irq 1,12
[    7.722985] serio: i8042 KBD port at 0x60,0x64 irq 1
[    7.727943] serio: i8042 AUX port at 0x60,0x64 irq 12
[    7.744447] mousedev: PS/2 mouse device common for all mice
[    7.770407] input: AT Translated Set 2 keyboard as /devices/platform/i8042/serio0/input/input2
[    7.772537] rtcmortc_cmos: rtc core: regstered rtc_cmos s rtc0
[    8.093114] rtc_cmos rtc_cmos: alarms up to one day, 114 bytes nvram
[   8.149114] i2c /dev entries driver
[    8.193353] device-mapper: uevent: version 1.0.3

[    8.199681] device-mapper: ioctl: 4.37.0-ioctl (2017-09-20) initialised: dm-devel@redhat.com
[    8.203330] ledtrig-cpu: registered to indicate activity on CPUs
[    8.214078] NET: Registered protocol family 10
[    8.281618] Segment Routing with IPv6
[    8.396624] NET: Registered protocol family 17
[    8.430262] Key type dns_resolver registered
[    8.461183] mce: Using 0 MCE banks
[    8.468885] RAS: Correctable Errors collector initialized.
[    8.529594] sched_clock: Marking stable (8529511954, 0)->(52558589482, -44029077528)
[    8.573399] registered taskstats version 1
[    8.608169] Loading compiled-in X.509 certificates
[    8.681042] Loaded X.509 cert 'Build time autogenerated kernel key: f4f7241365689b0cbe3898188e65e316fd8f978d'
[    8.793994] zswap: loaded using pool lzo/zbud
[    8.851453] Key type big_key registered
[    8.885854] Key type trusted registered
[    8.918538] Key type encrypted registered
[    9.000143] AppArmor: AppArmor sha1 policy hashing enabled
[    9.015744] ima: No TPM chip found, activating TPM-bypass! (rc=-19)
[    9.065453] ima: Allocated hash algorithm: sha1
[    9.074031] evm: HMAC attrs: 0x1
[    9.077230]   Magic number: 15:823:818
[    9.096024] rtc_cmos rtc_cmos: setting system clock to 2019-12-21 04:48:57 UTC (1576903737)
[    9.214076] BIOS EDD facility v0.16 2004-Jun-25, 0 devices found
[    9.236878] EDD information not available.
[    9.243389] Freeing unused kernel image memory: 2428K
[    9.273286] Write protecting the kernel read-only data: 20480k
[    9.345407] Freeing unused kernel image memory: 2008K
[    9.396057] Freeing unused kernel image memory: 1880K
[    9.414952] x86/mm: Checked W+X mappings: passed, no W+X pages found.
Loading, please wait...
starting version 237
[    9.583272] Fusion MPT base driver 3.04.20
[    9.646151] Copyright (c) 1999-2008 LSI Corporation
[    9.741842] Fusion MPT SPI Host driver 3.04.20
[    9.845501] mptbase: ioc0: Initiating bringup
[    9.880724] e1000: Intel(R) PRO/1000 Network Driver - version 7.3.21-k8-NAPI
[    9.881611] AVX2 version of gcm_enc/dec engaged.
[    9.915241] e1000: Copyright (c) 1999-2006 Intel Corporation.
[    9.996329] ioc0: LSI53C1030 A0: Capabilities={Initiator}
[   10.053776] AES CTR mode by8 optimization enabled
[   10.168484] input: ImExPS/2 Generic Explorer Mouse as /devices/platform/i8042/serio1/input/input4
[   10.362134] scsi host2: ioc0: LSI53C1030 A0, FwRev=00000000h, Ports=1, MaxQ=256, IRQ=20
[   10.645552] scsi 2:0:0:0: Direct-Access     VBOX     HARDDISK         1.0  PQ: 0 ANSI: 5
[   10.988598] scsi target2:0:0: Beginning Domain Validation
[   11.206967] scsi target2:0:0: Domain Validation skipping write tests
[   11.233859] e1000 0000:00:03.0 eth0: (PCI:33MHz:32-bit) 02:83:96:c1:64:f9
[   11.367390] scsi target2:0:0: Ending Domain Validation
[   11.588768] e1000 0000:00:03.0 eth0: Intel(R) PRO/1000 Network Connection
[   13.224845] scsi target2:0:0: asynchronous
[   13.296685] random: fast init done
[   13.344353] scsi 2:0:1:0: Direct-Access     VBOX     HARDDISK         1.0  PQ: 0 ANSI: 5
[   13.624287] scsi target2:0:1: Beginning Domain Validation
[   13.646979] e1000 0000:00:08.0 eth1: (PCI:33MHz:32-bit) 08:00:27:d0:ca:85
[   13.795086] random: systemd-udevd: uninitialized urandom read (16 bytes read)
[   13.972747] e1000 0000:00:08.0 eth1: Intel(R) PRO/1000 Network Connection
[   14.010608] random: systemd-udevd: uninitialized urandom read (16 bytes read)
[   14.076094] random: systemd-udevd: uninitialized urandom read (16 bytes read)
[   14.107376] e1000 0000:00:08.0 enp0s8: renamed from eth1
[   14.108304] scsi target2:0:1: Domain Validation skipping write tests
[   14.215318] scsi target2:0:1: Ending Domain Validation
[   14.249524] scsi target2:0:1: asynchronous
[   14.256248] e1000 0000:00:03.0 enp0s3: renamed from eth0
[   14.324701] sd 2:0:0:0: Attached scsi generic sg0 type 0
[   14.327513] sd 2:0:0:0: [sda] 20971520 512-byte logical blocks: (10.7 GB/10.0 GiB)
[   14.382650] sd 2:0:1:0: Attached scsi generic sg1 type 0
[   14.500486] sd 2:0:0:0: [sda] Write Protect is off
[   14.566271] sd 2:0:0:0: [sda] Incomplete mode parameter data
[   14.609832] sd 2:0:0:0: [sda] Assuming drive cache: write through
[   14.611248] sd 2:0:1:0: [sdb] 20480 512-byte logical blocks: (10.5 MB/10.0 MiB)
[   14.712046]  sda: sda1
[   14.737549] sd 2:0:1:0: [sdb] Write Protect is off
[   14.741100] sd 2:0:0:0: [sda] Attached SCSI disk
[   14.837712] sd 2:0:1:0: [sdb] Incomplete mode parameter data
[   15.035097] sd 2:0:1:0: [sdb] Assuming drive cache: write through
[   15.202797] sd 2:0:1:0: [sdb] Attached SCSI disk
Begin: Loading essential drivers ... [   17.620331] raid6: sse2x1   gen()  6278 MB/s
[   17.756502] raid6: sse2x1   xor()  5318 MB/s
[   17.885019] raid6: sse2x2   gen() 11749 MB/s
[   17.976185] raid6: sse2x2   xor()  7500 MB/s
[   18.093726] raid6: sse2x4   gen() 13105 MB/s
[   18.228719] raid6: sse2x4   xor()  6371 MB/s
[   18.284502] raid6: avx2x1   gen() 14007 MB/s
[   18.352176] raid6: avx2x1   xor()  9477 MB/s
[   18.424121] raid6: avx2x2   gen() 16175 MB/s
[   18.545039] raid6: avx2x2   xor() 11845 MB/s
[   18.704763] raid6: avx2x4   gen() 18419 MB/s
[   18.841020] raid6: avx2x4   xor()  8236 MB/s
[   18.884760] raid6: using algorithm avx2x4 gen() 18419 MB/s
[   18.911240] raid6: .... xor() 8236 MB/s, rmw enabled
[   18.926557] raid6: using avx2x2 recovery algorithm
[   18.932391] xor: automatically using best checksumming function   avx       
[   19.013131] async_tx: api initialized (async)
done.
Begin: Running /scripts/init-pre[   19.155987] Btrfs loaded, crc32c=crc32c-intel
mount ... done.
Begin: Mounting root file system ... Begin: Running /scripts/local-top ... done.
Begin: Running /scripts/local-premount ... Scanning for Btrfs filesystems
do[   19.265378] EXT4-fs (sda1): INFO: recovery required on readonly filesystem
ne.
Warning: fs[   19.489928] EXT4-fs (sda1): write access will be enabled during recovery
ck not present, so skipping root file system
[   19.825829] EXT4-fs (sda1): recovery complete
[   19.852579] EXT4-fs (sda1): mounted filesystem with ordered data mode. Opts: (null)
done.
Begin: Running /scripts/local-bottom ... done.
Begin: Running /scripts/init-bottom ... done.
[   20.309213] ip_tables: (C) 2000-2006 Netfilter Core Team
[   20.451456] systemd[1]: systemd 237 running in system mode. (+PAM +AUDIT +SELINUX +IMA +APPARMOR +SMACK +SYSVINIT +UTMP +LIBCRYPTSETUP +GCRYPT +GNUTLS +ACL +XZ +LZ4 +SECCOMP +BLKID +ELFUTILS +KMOD -IDN2 +IDN -PCRE2 default-hierarchy=hybrid)
[   21.104821] systemd[1]: Detected virtualization oracle.
[   21.214285] systemd[1]: Detected architecture x86-64.

Welcome to [1mUbuntu 18.04.3 LTS[0m!

[   21.506343] systemd[1]: Set hostname to <ubuntu-bionic>.
[   23.020585] random: crng init done
[   23.092871] random: 7 urandom warning(s) missed due to ratelimiting
[   23.409569] systemd[1]: Started Forward Password Requests to Wall Directory Watch.
[[0;32m  OK  [0m] Started Forward Password Requests to Wall Directory Watch.
[   23.538439] systemd[1]: Created slice User and Session Slice.
[[0;32m  OK  [0m] Created slice User and Session Slice.
[   23.753276] systemd[1]: Reached target System Time Synchronized.
[[0;32m  OK  [0m] Reached target System Time Synchronized.
[   24.017514] systemd[1]: Set up automount Arbitrary Executable File Formats File System Automount Point.
[[0;32m  OK  [0m] Set up automount Arbitrary Executab…rmats File System Automount Point.
[   24.440959] systemd[1]: Reached target User and Group Name Lookups.
[[0;32m  OK  [0m] Reached target User and Group Name Lookups.
[   24.754188] systemd[1]: Created slice System Slice.
[[0;32m  OK  [0m] Created slice System Slice.
[[0;32m  OK  [0m] Listening on Journal Audit Socket.
[[0;32m  OK  [0m] Listening on LVM2 metadata daemon socket.
[[0;32m  OK  [0m] Created slice system-serial\x2dgetty.slice.
[[0;32m  OK  [0m] Listening on /dev/initctl Compatibility Named Pipe.
[[0;32m  OK  [0m] Reached target Slices.
[[0;32m  OK  [0m] Listening on udev Control Socket.
[[0;32m  OK  [0m] Listening on LVM2 poll daemon socket.
[   25.517595] systemd[1]: Listening on Journal Socket (/dev/log).
[[0;32m  OK  [0m] Listening on Journal Socket (/dev/log).
[   25.796829] systemd[1]: Listening on Syslog Socket.
[[0;32m  OK  [0m] Listening on Syslog Socket.
[   26.017269] systemd[1]: Listening on Journal Socket.
[[0;32m  OK  [0m] Listening on Journal Socket.
[   26.276481] systemd[1]: Starting Load Kernel Modules...
         Startin[   26.478643] Loading iSCSI transport class v2.0-870.
g Load Kernel Mo[   26.651698] iscsi: registered transport (tcp)
dules...
[   26.814525] systemd[1]: Mounting POSIX Message Queue File System...
[   26.841844] iscsi: registered transport (iser)
         Mounting POSIX Message Queue File System...
[   26.994443] systemd[1]: Mounting Huge Pages File System...
         Mounting Huge Pages File System...
[   27.226542] systemd[1]: Starting Uncomplicated firewall...
         Starting Uncomplicated firewall...
[   27.431693] systemd[1]: Starting Journal Service...
         Starting Journal Service...
[   27.582390] systemd[1]: Starting Remount Root and Kernel File Systems...
         Startin[   27.756993] EXT4-fs (sda1): re-mounted. Opts: (null)
g Remount Root and Kernel File Systems...
[   27.889763] systemd[1]: Starting Set the console keyboard layout...
         Starting Set the console keyboard layout...
         Starting Create list of required st…ce nodes for the current kernel...
[[0;32m  OK  [0m] Listening on Network Service Netlink Socket.
         Mounting Kernel Debug File System...
[[0;32m  OK  [0m] Listening on udev Kernel Socket.
         Starting udev Coldplug all Devices...
[[0;32m  OK  [0m] Reached target Swap.
[[0;32m  OK  [0m] Listening on Device-mapper event daemon FIFOs.
         Starting Monitoring of LVM2 mirrors…ng dmeventd or progress polling...
[[0;32m  OK  [0m] Started Journal Service.
[[0;32m  OK  [0m] Started Load Kernel Modules.
[[0;32m  OK  [0m] Mounted POSIX Message Queue File System.
[[0;32m  OK  [0m] Mounted Huge Pages File System.
[[0;32m  OK  [0m] Started Uncomplicated firewall.
[[0;32m  OK  [0m] Started Remount Root and Kernel File Systems.
[[0;32m  OK  [0m] Started Set the console keyboard layout.
[[0;32m  OK  [0m] Started Create list of required sta…vice nodes for the current kernel.
[[0;32m  OK  [0m] Mounted Kernel Debug File System.
[[0;32m  OK  [0m] Started LVM2 metadata daemon.
         Starting Create Static Device Nodes in /dev...
         Starting Load/Save Random Seed...
         Starting Apply Kernel Variables...
         Mounting Kernel Configuration File System...
         Mounting FUSE Control File System...
         Starting Flush Journal to Persistent Storage...
[[0;32m  OK  [0m] Started Monitoring of LVM2 mirrors,…sing dmeventd or progress polling.
[[0;32m  OK  [0m] Started udev Coldplug all Devices.
[[0;32m  OK  [0m] Started Create Static Device Nodes in /dev.
[[0;32m  OK  [0m] Started Load/Save Random Seed.
[[0;32m  OK  [0m] Started Apply Kernel Variables.
[[0;32m  OK  [0m] Mounted Kernel Configuration File System.
[[0;32m  OK  [0m] Mounted FUSE Control File System.
         Starting udev Kernel Device Manager...
[[0;32m  OK  [0m] Reached target Local File Systems (Pre).
[[0;32m  OK  [0m] Reached target Local File Systems.
         Starting ebtables ruleset management...
         Starting Tell Plymouth To Write Out Runtime Data...
         Starting Set console font and keymap...
         Starting AppArmor initialization...
[[0;32m  OK  [0m] Started udev Kernel Device Manager.
[[0;32m  OK  [0m] Started Tell Plymouth To Write Out Runtime Data.
[[0;32m  OK  [0m] Started Set console font and keymap.
[[0;32m  OK  [0m] Started ebtables ruleset management.
[[0;32m  OK  [0m] Found device /dev/ttyS0.
[[0;32m  OK  [0m] Started Flush Journal to Persistent Storage.
         Starting Create Volatile Files and Directories...
[[0;32m  OK  [0m] Listening on Load/Save RF Kill Switch Status /dev/rfkill Watch.
[[0;32m  OK  [0m] Started Dispatch Password Requests to Console Directory Watch.
[[0;32m  OK  [0m] Reached target Local Encrypted Volumes.
[[0;32m  OK  [0m] Started AppArmor initialization.
[[0;32m  OK  [0m] Started Create Volatile Files and Directories.
         Starting Update UTMP about System Boot/Shutdown...
         Starting Initial cloud-init job (pre-networking)...
[[0;32m  OK  [0m] Started Update UTMP about System Boot/Shutdown.
[   34.328071] cloud-init[617]: Cloud-init v. 19.2-36-g059d049c-0ubuntu2~18.04.1 running 'init-local' at Sat, 21 Dec 2019 04:49:22 +0000. Up 33.98 seconds.
[[0;32m  OK  [0m] Started Initial cloud-init job (pre-networking).
[[0;32m  OK  [0m] Reached target Network (Pre).
         Starting Network Service...
[[0;32m  OK  [0m] Started Network Service.
         Starting Network Name Resolution...
         Starting Wait for Network to be Configured...
[[0;32m  OK  [0m] Started Network Name Resolution.
[[0;32m  OK  [0m] Reached target Host and Network Name Lookups.
[[0;32m  OK  [0m] Reached target Network.
[[0;32m  OK  [0m] Started Wait for Network to be Configured.
         Starting Initial cloud-init job (metadata service crawler)...
[   37.904664] cloud-init[740]: Cloud-init v. 19.2-36-g059d049c-0ubuntu2~18.04.1 running 'init' at Sat, 21 Dec 2019 04:49:26 +0000. Up 37.63 seconds.
[   38.068735] cloud-init[740]: ci-info: ++++++++++++++++++++++++++++++++++++++Net device info+++++++++++++++++++++++++++++++++++++++
[   38.244268] cloud-init[740]: ci-info: +--------+------+-----------------------------+---------------+--------+-------------------+
[[0;32m  OK  [0m] Started Initial cloud-init job (metadata service crawler).
[   38.437576] cloud-init[740]: ci-info: | Device |  Up  |           Address           |      Mask     | Scope  |     Hw-Address    |
[[0;32m  OK  [0m] Reached target Cloud-config availability.
[   38.733556] [cloud-init[0;32m  OK  [0m[740]: ] ci-info: +--------+------+-----------------------------+---------------+--------+-------------------+Reached target System Initialization.

[[0;32m  OK  [0m] Listening on D-Bus System Message Bus Socket.
[   39.089290] cloud-init[740]: ci-info: | enp0s3 | True |          10.0.2.15          | 255.255.255.0 | global | 02:83:96:c1:64:f9 |
[[0;32m  OK  [0m] Started ACPI Events Check.
[   39.361548] cloud-init[740]: ci-info: | enp0s3 | True |  fe80::83:96ff:fec1:64f9/64 |       .       |  link  | 02:83:96:c1:64:f9 |
         Starting LXD - unix socket.
[   39.621633] cloud-init[740]: ci-info: | enp0s8 | True |        192.168.33.10        | 255.255.255.0 | global | 08:00:27:d0:ca:85 |
[[0;32m  OK  [0m] Started Daily apt download activities.
[   39.849944] cloud-init[740]: ci-info: | enp0s8 | True | fe80::a00:27ff:fed0:ca85/64 |       .       |  link  | 08:00:27:d0:ca:85 |
         Starting Socket activation for snappy daemon.
[   40.125359] cloud-init[740]: ci-info: |   lo   | True |          127.0.0.1          |   255.0.0.0   |  host  |         .         |
[   40.377852] cloud-init[740]: ci-info: |   lo   | True |           ::1/128           |       .       |  host  |         .         |
[[0;32m  OK  [0m] Listening on ACPID Listen Socket.
[   40.573762] [cloud-init[0;32m  OK  [0m[740]: ] ci-info: +--------+------+-----------------------------+---------------+--------+-------------------+Started Message of the Day.

[   40.857570] cloud-init[740]: ci-info: +++++++++++++++++++++++++++++Route IPv4 info+++++++++++++++++++++++++++++
[[0;32m  OK  [0m] Started Daily apt upgrade and clean activities.
[[0;32m  OK  [0m] Started Daily Cleanup of Temporary Directories.
[   41.049789] [cloud-init[0;32m  OK  [0m[740]: ] ci-info: +-------+--------------+----------+-----------------+-----------+-------+Reached target Paths.

[[0;32m  OK  [0m] Listening on Open-iSCSI iscsid Socket.
[   41.361404] cloud-init[740]: ci-info: | Route | Destination  | Gateway  |     Genmask     | Interface | Flags |
[[0;32m  OK  [0m] Listening on UUID daemon activation socket.
[[0;32m  OK  [0m] Started Discard unused blocks once a week.
[   41.701330] cloud-init[740]: ci-info: +-------+--------------+----------+-----------------+-----------+-------+
[[0;32m  OK  [0m] Reached target Timers.
[   41.945244] cloud-init[740]: ci-info: |   0   |   0.0.0.0    | 10.0.2.2 |     0.0.0.0     |   enp0s3  |   UG  |
[[0;32m  OK  [0m] Reached target Network is Online.
[   42.180977] cloud-init[740]: ci-info: |   1   |   10.0.2.0   | 0.0.0.0  |  255.255.255.0  |   enp0s3  |   U   |
         Starting Availability of block devices...
[   42.413221] cloud-init[740]: ci-info: |   2   |   10.0.2.2   | 0.0.0.0  | 255.255.255.255 |   enp0s3  |   UH  |
[[0;32m  OK  [0m] Reached target Remote File Systems (Pre).
[   42.645285] cloud-init[740]: ci-info: |   3   | 192.168.33.0 | 0.0.0.0  |  255.255.255.0  |   enp0s8  |   U   |
[[0;32m  OK  [0m[   42.890321] ] cloud-initReached target Remote File Systems.[740]: 
ci-info: +-------+--------------+----------+-----------------+-----------+-------+
[   42.891040] cloud-init[740]: ci-info: +++++++++++++++++++Route IPv6 info+++++++++++++++++++
[[0;32m  OK  [0m] Listening on LXD - unix socket.
[   43.223004] cloud-init[740]: ci-info: +-------+-------------+---------+-----------+-------+
[[0;32m  OK  [0m] Listening on Socket activation for snappy daemon.
[   43.315753] cloud-init[740]: ci-info: | Route | Destination | Gateway | Interface | Flags |
[   43.318988] cloud-init[740]: ci-info: +-------+-------------+---------+-----------+-------+
[   43.321971] cloud-init[[740]: [0;32m  OK  [0mci-info: |   1   |  fe80::/64  |    ::   |   enp0s8  |   U   |] 
Started Availability of block devices.
[   43.372391] cloud-init[740]: [ci-info: |   2   |  fe80::/64  |    ::   |   enp0s3  |   U   |
[0;32m  OK  [0m] Reached target Sockets.
[[0;32m  OK  [0m] Reached target Basic System.
[   43.423612] cloud-init         Starting System Logging Service...
[740]: ci-info: |   4   |    local    |    ::   |   enp0s3  |   U   |
[[0;32m  OK  [0m] Started FUSE filesystem for LXC.
[   43.488635] cloud-init[740]: ci-info: |   5   |    local    |    ::   |   enp0s8  |   U   |
[   43.562359] cloud-init[740]: ci-info: |   6   |   ff00::/8  |    ::   |   enp0s8  |   U   |
[   43.565761]          Starting LSB: automatic crash report generation...
cloud-init[740]: ci-info: |   7   |   ff00::/8  |    ::   |   enp0s3  |   U   |
[[   43.749249] cloud-init[740]: ci-info: +-------+-------------+---------+-----------+-------+
[0;32m  OK  [0m] Started D-Bus System Message Bus.
         Starting Dispatcher daemon for systemd-networkd...
[[0;32m  OK  [0m] Started Deferred execution scheduler.
         Starting vboxadd.service...
         Starting Message of the Day...
[[0;32m  OK  [0m] Started Regular background program processing daemon.
[[0;32m  OK  [0m] Started irqbalance daemon.
         Starting Permit User Sessions...
         Starting Snappy daemon...
         Starting Login Service...
         Starting Accounts Service...
         Starting LSB: Record successful boot for GRUB...
         Starting OpenBSD Secure Shell server...
         Starting LXD - container startup/shutdown...
[[0;32m  OK  [0m] Started System Logging Service.
[[0;32m  OK  [0m] Started Dispatcher daemon for systemd-networkd.
[[0;32m  OK  [0m] Started vboxadd.service.
[[0;32m  OK  [0m] Started Permit User Sessions.
[[0;32m  OK  [0m] Started Login Service.
[[0;32m  OK  [0m] Started OpenBSD Secure Shell server.
[[0;32m  OK  [0m] Started Snappy daemon.
[[0;32m  OK  [0m] Started LSB: automatic crash report generation.
[[0;32m  OK  [0m] Started LSB: Record successful boot for GRUB.
[[0;32m  OK  [0m] Started LXD - container startup/shutdown.
[[0;32m  OK  [0m] Created slice User Slice of vagrant.
         Starting Authorization Manager...
         Starting Wait until snapd is fully seeded...
[[0;32m  OK  [0m] Started Unattended Upgrades Shutdown.
         Starting Terminate Plymouth Boot Screen...
         Starting Hold until boot process finishes up...
         Starting vboxadd-service.service...
[[0;32m  OK  [0m] Started Wait until snapd is fully seeded.
[[0;32m  OK  [0m] Started Terminate Plymouth Boot Screen.
[[0;32m  OK  [0m] Started Hold until boot process finishes up.
[[0;32m  OK  [0m] Started vboxadd-service.service.
[[0;32m  OK  [0m] Started Authorization Manager.
[[0;32m  OK  [0m] Started Accounts Service.
[[0;32m  OK  [0m] Started Session 1 of user vagrant.
         Starting User Manager for UID 1000...
         Starting Set console scheme...
[[0;32m  OK  [0m] Started Serial Getty on ttyS0.
         Starting Apply the settings specified in cloud-config...
[[0;32m  OK  [0m] Started User Manager for UID 1000.
[[0;32m  OK  [0m] Started Set console scheme.
[[0;32m  OK  [0m] Created slice system-getty.slice.
[[0;32m  OK  [0m] Started Getty on tty1.
[[0;32m  OK  [0m] Reached target Login Prompts.
[[0;32m  OK  [0m] Reached target Multi-User System.
[[0;32m  OK  [0m] Reached target Graphical Interface.
         Starting Update UTMP about System Runlevel Changes...
[[0;32m  OK  [0m] Started Update UTMP about System Runlevel Changes.
[   48.105863] cloud-init[1387]: Cloud-init v. 19.2-36-g059d049c-0ubuntu2~18.04.1 running 'modules:config' at Sat, 21 Dec 2019 04:49:36 +0000. Up 47.84 seconds.
[[0;32m  OK  [0m] Started Apply the settings specified in cloud-config.
         Starting Execute cloud user/final scripts...
[[0;32m  OK  [0m] Started Message of the Day.
[   49.341682] cloud-init[1477]: Cloud-init v. 19.2-36-g059d049c-0ubuntu2~18.04.1 running 'modules:final' at Sat, 21 Dec 2019 04:49:37 +0000. Up 49.09 seconds.
[   49.517376] cloud-init[1477]: Cloud-init v. 19.2-36-g059d049c-0ubuntu2~18.04.1 finished at Sat, 21 Dec 2019 04:49:37 +0000. Datasource DataSourceNoCloud [seed=/dev/sdb][dsmode=net].  Up 49.32 seconds
[[0;32m  OK  [0m] Started Execute cloud user/final scripts.
[[0;32m  OK  [0m] Reached target Cloud-init target.

Ubuntu 18.04.3 LTS ubuntu-bionic ttyS0

ubuntu-bionic login: 